<?xml version="1.0" encoding="UTF-8"?>
<!-- Generated by org.testng.reporters.JUnitXMLReporter -->
<testsuite hostname="DESKTOP-G072IJM" ignored="0" name="RESTAPITest" tests="4" failures="1" timestamp="14 Aug 2019 18:31:09 GMT" time="24.162" errors="0">
  <testcase name="testGETUserDetails" time="8.483" classname="tests.TestGETRequest">
    <failure type="java.lang.AssertionError" message="Name does not match expected [Eve2] but found [Eve]">
      <![CDATA[java.lang.AssertionError: Name does not match expected [Eve2] but found [Eve]
at tests.TestGETRequest.testGETUserDetails(TestGETRequest.java:54)
... Removed 30 stack frames]]>
    </failure>
  </testcase> <!-- testGETUserDetails -->
  <testcase name="testPOSTRequestDetails" time="5.641" classname="tests.TestPOSTRequest"/>
  <testcase name="testPUTRequestDetails" time="5.38" classname="tests.TestPUTRequest"/>
  <testcase name="testDELETERequestDetails" time="4.451" classname="tests.TestDELETERequest"/>
</testsuite> <!-- RESTAPITest -->
